[2025-12-11 20:49:47] [WARNING] [User:guest] [IP:::1] Intento de login fallido {"username":"admin","error":"SQLSTATE[42S02]: Base table or view not found: 1146 Table 'kiosco_db.login_attempts' doesn't exist"}
[2025-12-11 20:52:04] [WARNING] [User:guest] [IP:::1] Intento de login fallido {"username":"admin","error":"SQLSTATE[42S02]: Base table or view not found: 1146 Table 'kiosco_db.login_attempts' doesn't exist"}
[2025-12-11 20:52:35] [WARNING] [User:guest] [IP:::1] Intento de login fallido {"username":"admin","error":"SQLSTATE[42S02]: Base table or view not found: 1146 Table 'kiosco_db.login_attempts' doesn't exist"}
[2025-12-11 20:53:48] [WARNING] [User:guest] [IP:::1] Intento de login fallido {"username":"admin","error":"SQLSTATE[42S02]: Base table or view not found: 1146 Table 'kiosco_db.login_attempts' doesn't exist"}
[2025-12-11 20:56:23] [WARNING] [User:guest] [IP:::1] Intento de login fallido {"username":"admin","error":"SQLSTATE[42S02]: Base table or view not found: 1146 Table 'kiosco_db.login_attempts' doesn't exist"}
[2025-12-11 20:56:42] [WARNING] [User:guest] [IP:::1] Intento de login fallido {"username":"admin","error":"SQLSTATE[42S02]: Base table or view not found: 1146 Table 'kiosco_db.login_attempts' doesn't exist"}
[2025-12-11 21:01:12] [WARNING] [User:guest] [IP:127.0.0.1] Intento de login fallido {"username":"admin","error":"SQLSTATE[42S22]: Column not found: 1054 Unknown column 'failed_attempts' in 'field list'"}
[2025-12-11 21:04:57] [WARNING] [User:guest] [IP:::1] Intento de login fallido {"username":"admin","error":"Usuario o contraseña incorrectos"}
[2025-12-11 21:05:02] [WARNING] [User:guest] [IP:::1] Intento de login fallido {"username":"admin","error":"Usuario o contraseña incorrectos"}
[2025-12-11 21:05:42] [WARNING] [User:guest] [IP:::1] Intento de login fallido {"username":"admin","error":"Usuario o contraseña incorrectos"}
[2025-12-11 21:06:24] [WARNING] [User:guest] [IP:::1] Intento de login fallido {"username":"admin2","error":"Usuario o contraseña incorrectos"}
[2025-12-11 21:06:39] [WARNING] [User:guest] [IP:::1] Intento de login fallido {"username":"admin2","error":"Usuario o contraseña incorrectos"}
[2025-12-11 21:06:57] [WARNING] [User:6] [IP:::1] Intento de login fallido {"username":"admin","error":"SQLSTATE[42S02]: Base table or view not found: 1146 Table 'kiosco_db.permissions' doesn't exist"}
[2025-12-11 21:30:10] [WARNING] [User:6] [IP:::1] Intento de login fallido {"username":"admin","error":"SQLSTATE[42S02]: Base table or view not found: 1146 Table 'kiosco_db.permissions' doesn't exist"}
[2025-12-11 21:49:38] [WARNING] [User:guest] [IP:::1] Intento de login fallido {"username":"admin","error":"Usuario o contraseña incorrectos"}
[2025-12-11 21:49:42] [WARNING] [User:6] [IP:::1] Intento de login fallido {"username":"admin","error":"SQLSTATE[42S02]: Base table or view not found: 1146 Table 'kiosco_db.permissions' doesn't exist"}
[2025-12-11 22:03:09] [WARNING] [User:6] [IP:::1] Intento de login fallido {"username":"admin","error":"SQLSTATE[42S02]: Base table or view not found: 1146 Table 'kiosco_db.permissions' doesn't exist"}
[2025-12-11 22:05:14] [WARNING] [User:6] [IP:::1] Intento de login fallido {"username":"admin","error":"SQLSTATE[42S02]: Base table or view not found: 1146 Table 'kiosco_db.permissions' doesn't exist"}
[2025-12-11 22:06:13] [WARNING] [User:6] [IP:::1] Intento de login fallido {"username":"admin","error":"SQLSTATE[42S02]: Base table or view not found: 1146 Table 'kiosco_db.permissions' doesn't exist"}
[2025-12-11 22:07:50] [WARNING] [User:6] [IP:::1] Intento de login fallido {"username":"admin","error":"SQLSTATE[42S02]: Base table or view not found: 1146 Table 'kiosco_db.permissions' doesn't exist"}
[2025-12-11 22:12:25] [WARNING] [User:6] [IP:::1] Intento de login fallido {"username":"admin","error":"SQLSTATE[42S02]: Base table or view not found: 1146 Table 'kiosco_db.permissions' doesn't exist"}
[2025-12-11 22:15:18] [WARNING] [User:6] [IP:::1] Intento de login fallido {"username":"admin","error":"SQLSTATE[42S02]: Base table or view not found: 1146 Table 'kiosco_db.permissions' doesn't exist"}
[2025-12-11 22:18:18] [WARNING] [User:6] [IP:::1] Intento de login fallido {"username":"admin","error":"SQLSTATE[42S02]: Base table or view not found: 1146 Table 'kiosco_db.permissions' doesn't exist"}
[2025-12-11 22:23:40] [WARNING] [User:9] [IP:::1] Intento de login fallido {"username":"nuevouser","error":"SQLSTATE[42S02]: Base table or view not found: 1146 Table 'kiosco_db.permissions' doesn't exist"}
[2025-12-11 22:25:31] [WARNING] [User:6] [IP:::1] Intento de login fallido {"username":"admin","error":"SQLSTATE[42S02]: Base table or view not found: 1146 Table 'kiosco_db.permissions' doesn't exist"}
[2025-12-11 22:30:50] [WARNING] [User:9] [IP:::1] Intento de login fallido {"username":"nuevouser","error":"SQLSTATE[42S02]: Base table or view not found: 1146 Table 'kiosco_db.permissions' doesn't exist"}
[2025-12-11 22:32:13] [WARNING] [User:6] [IP:::1] Intento de login fallido {"username":"admin","error":"SQLSTATE[42S02]: Base table or view not found: 1146 Table 'kiosco_db.permissions' doesn't exist"}
[2025-12-11 22:32:59] [WARNING] [User:10] [IP:::1] Intento de login fallido {"username":"caja","error":"SQLSTATE[42S02]: Base table or view not found: 1146 Table 'kiosco_db.permissions' doesn't exist"}
[2025-12-11 22:33:49] [WARNING] [User:9] [IP:::1] Intento de login fallido {"username":"nuevouser","error":"SQLSTATE[42S02]: Base table or view not found: 1146 Table 'kiosco_db.permissions' doesn't exist"}
[2025-12-11 22:37:18] [WARNING] [User:6] [IP:::1] Intento de login fallido {"username":"admin","error":"SQLSTATE[42S02]: Base table or view not found: 1146 Table 'kiosco_db.permissions' doesn't exist"}
[2025-12-11 22:38:24] [WARNING] [User:9] [IP:::1] Intento de login fallido {"username":"nuevouser","error":"SQLSTATE[42S02]: Base table or view not found: 1146 Table 'kiosco_db.permissions' doesn't exist"}
[2025-12-11 22:49:22] [WARNING] [User:6] [IP:::1] Intento de login fallido {"username":"admin","error":"SQLSTATE[42S02]: Base table or view not found: 1146 Table 'kiosco_db.permissions' doesn't exist"}
[2025-12-11 22:59:04] [WARNING] [User:9] [IP:::1] Intento de login fallido {"username":"nuevouser","error":"SQLSTATE[42S02]: Base table or view not found: 1146 Table 'kiosco_db.permissions' doesn't exist"}
[2025-12-11 23:04:21] [WARNING] [User:9] [IP:::1] Intento de login fallido {"username":"nuevouser","error":"SQLSTATE[42S02]: Base table or view not found: 1146 Table 'kiosco_db.permissions' doesn't exist"}
[2025-12-11 23:05:44] [WARNING] [User:6] [IP:::1] Intento de login fallido {"username":"admin","error":"SQLSTATE[42S02]: Base table or view not found: 1146 Table 'kiosco_db.permissions' doesn't exist"}
[2025-12-11 23:07:24] [WARNING] [User:9] [IP:::1] Intento de login fallido {"username":"nuevouser","error":"SQLSTATE[42S02]: Base table or view not found: 1146 Table 'kiosco_db.permissions' doesn't exist"}
[2025-12-11 23:12:12] [WARNING] [User:guest] [IP:::1] Intento de login fallido {"username":"admin","error":"Usuario o contraseña incorrectos"}
[2025-12-11 23:12:17] [WARNING] [User:6] [IP:::1] Intento de login fallido {"username":"admin","error":"SQLSTATE[42S02]: Base table or view not found: 1146 Table 'kiosco_db.permissions' doesn't exist"}
[2025-12-11 23:18:15] [WARNING] [User:9] [IP:::1] Intento de login fallido {"username":"nuevouser","error":"SQLSTATE[42S02]: Base table or view not found: 1146 Table 'kiosco_db.permissions' doesn't exist"}
[2025-12-11 23:19:46] [WARNING] [User:6] [IP:::1] Intento de login fallido {"username":"admin","error":"SQLSTATE[42S02]: Base table or view not found: 1146 Table 'kiosco_db.permissions' doesn't exist"}
[2025-12-11 23:20:01] [WARNING] [User:9] [IP:::1] Intento de login fallido {"username":"nuevouser","error":"SQLSTATE[42S02]: Base table or view not found: 1146 Table 'kiosco_db.permissions' doesn't exist"}
[2025-12-11 23:24:58] [WARNING] [User:6] [IP:::1] Intento de login fallido {"username":"admin","error":"SQLSTATE[42S02]: Base table or view not found: 1146 Table 'kiosco_db.permissions' doesn't exist"}
[2025-12-11 23:27:38] [WARNING] [User:9] [IP:::1] Intento de login fallido {"username":"nuevouser","error":"SQLSTATE[42S02]: Base table or view not found: 1146 Table 'kiosco_db.permissions' doesn't exist"}
[2025-12-11 23:28:52] [WARNING] [User:6] [IP:::1] Intento de login fallido {"username":"admin","error":"SQLSTATE[42S02]: Base table or view not found: 1146 Table 'kiosco_db.permissions' doesn't exist"}
[2025-12-11 23:30:44] [WARNING] [User:guest] [IP:::1] Intento de login fallido {"username":"nuevouser","error":"Usuario o contraseña incorrectos"}
[2025-12-11 23:30:49] [WARNING] [User:9] [IP:::1] Intento de login fallido {"username":"nuevouser","error":"SQLSTATE[42S02]: Base table or view not found: 1146 Table 'kiosco_db.permissions' doesn't exist"}
[2025-12-11 23:32:13] [WARNING] [User:6] [IP:::1] Intento de login fallido {"username":"admin","error":"SQLSTATE[42S02]: Base table or view not found: 1146 Table 'kiosco_db.permissions' doesn't exist"}
[2025-12-11 23:32:39] [WARNING] [User:9] [IP:::1] Intento de login fallido {"username":"nuevouser","error":"SQLSTATE[42S02]: Base table or view not found: 1146 Table 'kiosco_db.permissions' doesn't exist"}
[2025-12-11 23:35:00] [WARNING] [User:6] [IP:::1] Intento de login fallido {"username":"admin","error":"SQLSTATE[42S02]: Base table or view not found: 1146 Table 'kiosco_db.permissions' doesn't exist"}
[2025-12-11 23:36:14] [WARNING] [User:11] [IP:::1] Intento de login fallido {"username":"juanjo","error":"SQLSTATE[42S02]: Base table or view not found: 1146 Table 'kiosco_db.permissions' doesn't exist"}
